[   0.000000] Linux version 4.150-46-genic(buildd@lgw01-amd64-038) gc version 7.3. (bunt7..0-16ubuntu) #49-Ubuntu SMP Wed Feb 6 09:33:07 UTC 2019 (Ubuntu 4.15.0-46.49-generic 4.15.18)
[    0.000000 Commd lin BOOT_MAGE=/boot/vmlinuz.1.0-46-gerc root=UUID=547cbd1a-812f-4582-947-296e8dcdf  conso=ty1 console=ttyS0
[    0.000000]KERNEL supprted cpus:
[    0.000000]   Intel GenuineIntel
[    0.000000]   AMD AuthenticAMD
[    0.000000]   Centaur CentaurHauls
[    0.000000] x86/fpu: Supporting XSAVE feature 0x001: 'x87 floating point registers'
[    0.000000] x86/fpu: Supporting XSAVE feature 0x002: 'SSE registers'
[    0.000000] x86/fpu: Supporting XSAVE feature 0x004: 'AVX registers'
[    0.000000] x86/fpu: xstate_offset[2]:  576, xstate_sizes[2]:  256
[    0.000000] x86/fpu: Enabled xstate features 0x7, context size is 832 bytes, using 'standard' format.
[    0.000000] 820: BIOS-provided physical RAM map:
[    0.000000] BIOS-e820: [mem 0x000000000000000-0x000000000009fbff] usable
[    0.000000] BIOS-e820: [mem 0x000000000009fc00-0x000000000009ffff] reserved
[  0000000]IO-e820: [m 0x000000000f000-0x00000000fffff] resved
  0.000000] BIOe820: [m 000000000100000x00000003ffeffff] usable
[    0.000000] BIOS-e820: [mem 0x000000003fff0000-0x000000003fffffff] ACPI data
[    0.000000] BIOS-e820: [mem 0x00000000f00000-0x00000fe0fff] rered
[    0.000000] BIOS-e820: [m 0x000000fee00000-0x00000000fee00fff] reserved
[    0.000000] BIOS-e820: [mem 0x00000000fffc0000-0x00000000ffffffff] reseved
[    0.000000]NX (Execute Disable) protection: active
[    0.000000] SMBIOS 2.5 present.
[    0.000000] DMI: innotek GmbH VirtualBox/VirtualBox, BIOS VirtualBox 12/01/2006
[    0.000000] Hypervisor detected: KVM
[    0.000000] e820: last_pfn =0x3fff0 max_arch_pfn = 0x400000000
[    0.000000] MTRR: Disabled
[    0.000000] x86/PAT: MTRRs disabled, skippig PAT initialization too.
[    0.000000] CPU MTRRs all blank- virtuazed system.
[    0.00000] x86/PAT:onfiurion [0-7] W  WT C- UC  WB  WT  UC- UC  
[    0.000000] found SMP MP-table at [mem 0x0009fff0-0x0009ffff] mapped at [        (ptrval)]
[    0.000000] Scanning 1 areas for low memory rruptio
[   0.0000] RAMDISK:mem 0x35d300-06c0fff]
[    0.000000] ACPI: Early table checksum erication disabled
[    0.000000] PI RSDP 0x00000000000 000024 (v02 VBOX  )
[   0.0000 ACPI:SD 0x0000003FFF0030 00003C (v01 VBOX   VBOXXSDT 00000001 ASL  0000061)
[    0.000000] ACPI: FACP 0x000000003FFF00F0 0000F4 (v04 VBOX   VBOXFACP 00000001 ASL  00000061)
[    0.000000] ACPI: DSDT 0x000000003FFF0470 0021FF (v02 VBOX   VBOXBIOS 00000002 INTL 20100528)
[    0.000000] ACPI: FACS 0x000000003FFF0200 000040
[    0.000000] ACPI: FACS 0x000000003FFF0200 000040
[    0.000000] ACPI: APIC 0x000000003FFF0240 00005C (v02 VBOX   VBOXAPIC 00000001 L 0000006
[    0.000000] ACPI: SSDT 0x000000003FFF02A0 0001CC (v01 VBOX   VBOXCPUT 00000002 INT 20100528
[    0.000000] No NUMA configuration found
[    0.000000] Fakng a ne t [m 000000000000000-0x000000003ffeffff]
[    0.000000] NODE_DATA(0) aocted em0x3ffc50-03ffeffff]
[    0.0000] k-cock: cpu 0, msr 0:3ff44001, primary cpu clock
[    0.0000] kv-clock: Ung msrs 4b564d01 and 4b564d00
[    000000] k-cock: using scheoffset of 8007275 cyles
[    0.000000] clocksource: kvm-clock: mask: 0xffffffffffffffff max_cycles: 0x1cd42e4dffb, max_idle_ns: 881590591483 ns
[    0.000000] Zone ranes:
[    0.000000]   DMA      [mem 0x0000000000001000-0x000000000ffffff]
[    0.000000]   DMA32    [mem 0x0000000001000000-0x000000003ffeffff]
[    0.000000]   Normal   empty
[    0.000000]   Device   empty
[    0.000000] Movab zne startor each node[    00000] Early memory node ranges
[    0.0000000]   no   0:me 0x00000000001000-0x000000000009efff]
[  0.000]   node   0: [me0x0000000100000-0x0000000feffff]
   0.000000] Rerved utnavailae: 114 pages
   0.0000 Initmem setup node [mem 0x0000000000001000-0x000000003ffeffff]
[    0.000000] ACPI: PM-Timer IO Port: 0x4008
[    0.000000] IOAPIC[0]: apic_id 2, version 32, adddress 0xfec00000, GSI 0-23
[    0.000000] ACPI: INT_SRC_OVR (bus 0 bus_irq 0 global_irq 2 dfl dfl)
[    0.000000] ACPI: INT_SRC_OVR (bus 0 bus_irq 9 global_irq 9 low level)
[    0.000000] Using ACPI (MADT) for SMP configuration information
[    0.000000] smpboot: Allowing 2 CPUs, 0 hotplug CPUs
[    0.000000] PM: Registered nosave memory: [mem 0x00000000-0x00000fff]
[    0.000000] PM: Registered nosave memory: [mem 0x0009f000-0x0009ffff]
[    0.000000] PM Registered nosave memory: [mem 0x000a0000-0x000effff]
[    0.000000] PM: Registered nosave memory: [mem 0x000f0000-0x000fffff]
[    0.000000] e820: [mem 0x40000000-0xfebfffff] available for PCI devices
[    0.000000] Booting parravirtualized kernel on KVM
[    0.000000] clksurce: refined-jiffies: mmask: 0xffffffff max_cycles: 0xffffffff, max_idle_ns: 7645519021568 n
    0.000] ranm: get_random_bytes called from start_kernel+0x99/x4 with crng_init=0
[    0.00000 setup_pepu: R_CPUS:819nr_cpask_bits:2 nr_cpu_ids:2 nr_node_ids:1
[    0.000000] percpu: Embedded 46 pages/cpu @        (ptrval) s151552 r8192 d28672 u104856
[   0.000000] PV qspinlock hash table entries: 25(oder0,4096 bytes)
[    0.000000] Built 1 zonists, mobility grouping on.  Total pages: 257913
[    0.00000] licy ze:DMA3
[    0.00000] Keelcommand lin BOOT_IMAGE=/boot/vmlinuz-4.15.0-46-generic root=UUID=547cbd1a-812f-4582-94b7-29ac6ee8dcdf ro console=tty1 console=ttyS0
[    0.000000] Memory: 983072K/1048120K available (12300K kernel code, 2473K rwdata, 4252K rodata, 2408K init, 2416K bss, 65048K reserved, 0K cma-reserved)
[    0.000000] SLUB: HWalign=64, Order=0-3, MinObjects=0, CPUs=2, Nodes=1
[    0.000000] Kernel/User page tables isolation: enabled
[    0.000000] ftrace: allocating 39198 entries in 154 pages
[    0.004000] Hierarchical RCU iplementation.
[    0.004000] 	RCU restricting CPUs from NR_CPUS=8192 to nr_cpu_ids=2.
[    0.004000] 	Tasks RCU enabled.
[    0.004000] RCU: Adjusting geometry for rcu_fanot_eaf6,nr_cpu_ids=2
[    0.004000] NR_IRQS: 524544, nr_irqs:44, preallocated irqs: 16
[    0.004000] Consolecoour A+80x2
[   0.0000 conso [ty1] enabled
[   0.0040] conse ttyS enabled
[  0004000] ACPI: Core revision 20170831
[    0.004000] ACPI: 2CP AML tles succefuly acuid and lde
[    0.004000] APIC: Switch to symmetric I/O mode setup
[    0.004232] x2apic enabled
[    0.008007] Switched APIC routing to physical x2apic.
[    0.012931] ..TIMER: vector=0x30 apic1=0 pin1=2 apic2=-1 pin2=-1
[    0.016004] tsc: Detected 2303.998 MHz processor
[    0.017197] Calibrating delay loop (skipped) preset value.. 4607.99 BogoMIPS (lpj=9215992)
[    0.020007] pid_max: default: 32768 minimum: 301
[    0.021517] Security Framework initialized
[    0.022525] Yama: becoming mindful.
[    0.023422] AppArmor: AppArmor initialized
[    0.025446] Dentry cache hash table entries: 131072 (order: 8, 1048576 bytes)
[    0.028065] Inode-cache hash table entries: 65536 (order: 7, 524288 bytes)
[    0.032029] Mount-cache hash table entries: 2048 (order: 2, 16384 bytes)
[    0.036020] Mountpoint-cache hash table entries: 2048 (order: 2, 16384 bytes)
[    0.040323] mce: CPU supports 0 MCE banks
[    0.044025] Last level iTLB entries: 4KB 64, 2MB 8, 4MB 8
[    0.048010] Last level dTLB entries: 4KB 64, 2MB 0, 4MB 0, 1GB 4
[    0.052010] Spectre V2 : Mitigation: Full generic retpoline
[    0.056008] Spectre V2 : Spectre v2 / SpectreRSB mitigation: Filling RSB on context switch
[    0.060007] Speculative Store Bypass: Vulnerable
[    0.064098] Freeing SMP alternatives memory: 36K
[    0.072000] smpboot: CPU0: Intel(R) Core(TM) i5-7360U CPU @ 2.30GHz (family: 0x6, model: 0x8e, stepping: 0x9)
[    0.072088] Performance Events: unsupported p6 CPU model 142 no PMU driver, software events only.
[    0.074307] Hierarchical SRCU implementation.
[    0.076331] NMI watchdog: Perf event create on CPU 0 failed with -2
[    0.080006] NMI watchdog: Perf NMI watchdog permanently disabled
[    0.084075] smp: Bringing up secondary CPUs ...
[    0.088093] x86: Booting SMP configuration:
[    0.092003] .... node  #0, CPUs:      #1
[    0.004000] kvm-clock: cpu 1, msr 0:3ff44041, secondary cpu clock
[    0.004000] mce: CPU supports 0 MCE banks
[    0.100019] smp: Brought up 1 node, 2 CPUs
[    0.104005] smpboot: Max logical packages: 1
[    0.108004] smpboot: Total of 2 processors activated (9215.99 BogoMIPS)
[    0.116046] devtmpfs: initialized
[    0.120050] x86/mm: Memory block size: 128MB
[    0.124139] evm: security.selinux
[    0.128002] evm: security.SMACK64
[    0.132006] evm: security.SMACK64EXEC
[    0.136002] evm: security.SMACK64TRANSMUTE
[    0.140006] evm: security.SMACK64MMAP
[    0.144006] evm: security.apparmor
[    0.148004] evm: security.ima
[    0.152003] evm: security.capability
[    0.156101] clocksource: jiffies: mask: 0xffffffff max_cycles: 0xffffffff, max_idle_ns: 7645041785100000 ns
[    0.160016] futex hash table entries: 512 (order: 3, 32768 bytes)
[    0.164080] pinctrl core: initialized pinctrl subsystem
[    0.169715] RTC time: 16:26:37, date: 03/17/19
[    0.172216] NET: Registered protocol family 16
[    0.176083] audit: initializing netlink subsys (disabled)
[    0.180036] audit: type=2000 audit(1552839998.339:1): state=initialized audit_enabled=0 res=1
[    0.182044] cpuidle: using governor ladder
[    0.184020] cpuidle: using governor menu
[    0.188060] ACPI: bus type PCI registered
[    0.189302] acpiphp: ACPI Hot Plug PCI Controller Driver version: 0.5
[    0.192129] PCI: Using configuration type 1 for base access
[    0.200874] HugeTLB registered 2.00 MiB page size, pre-allocated 0 pages
[    0.204082] ACPI: Added _OSI(Module Device)
[    0.208007] ACPI: Added _OSI(Processor Device)
[    0.212004] ACPI: Added _OSI(3.0 _SCP Extensions)
[    0.216003] ACPI: Added _OSI(Processor Aggregator Device)
[    0.220010] ACPI: Added _OSI(Linux-Dell-Video)
[    0.224007] ACPI: Added _OSI(Linux-Lenovo-NV-HDMI-Audio)
[    0.228005] ACPI: Added _OSI(Linux-HPI-Hybrid-Graphics)
[    0.232493] ACPI: Executed 1 blocks of module-level executable AML code
[    0.241255] ACPI: Interpreter enabled
[    0.242448] ACPI: (supports S0 S5)
[    0.244009] ACPI: Using IOAPIC for interrupt routing
[    0.248230] PCI: Using host bridge windows from ACPI; if necessary, use "pci=nocrs" and report a bug
[    0.252255] ACPI: Enabled 2 GPEs in block 00 to 07
[    0.266569] ACPI: PCI Root Bridge [PCI0] (domain 0000 [bus 00-ff])
[    0.268019] acpi PNP0A03:00: _OSC: OS supports [ASPM ClockPM Segments MSI]
[    0.272077] acpi PNP0A03:00: _OSC: not requesting OS control; OS requires [ExtendedConfig ASPM ClockPM MSI]
[    0.276115] acpi PNP0A03:00: fail to add MMCONFIG information, can't access extended PCI configuration space under this bridge.
[    0.281005] PCI host bridge to bus 0000:00
[    0.284012] pci_bus 0000:00: root bus resource [io  0x0000-0x0cf7 window]
[    0.288013] pci_bus 0000:00: root bus resource [io  0x0d00-0xffff window]
[    0.292012] pci_bus 0000:00: root bus resource [mem 0x000a0000-0x000bffff window]
[    0.296011] pci_bus 0000:00: root bus resource [mem 0x40000000-0xfdffffff window]
[    0.300011] pci_bus 0000:00: root bus resource [bus 00-ff]
[    0.311925] pci 0000:00:01.1: legacy IDE quirk: reg 0x10: [io  0x01f0-0x01f7]
[    0.312010] pci 0000:00:01.1: legacy IDE quirk: reg 0x14: [io  0x03f6]
[    0.316010] pci 0000:00:01.1: legacy IDE quirk: reg 0x18: [io  0x0170-0x0177]
[    0.317752] pci 0000:00:01.1: legacy IDE quirk: reg 0x1c: [io  0x0376]
[    0.339290] pci 0000:00:07.0: quirk: [io  0x4000-0x403f] claimed by PIIX4 ACPI
[    0.340032] pci 0000:00:07.0: quirk: [io  0x4100-0x410f] claimed by PIIX4 SMB
[    0.357142] ACPI: PCI Interrupt Link [LNKA] (IRQs 5 9 10 *11)
[    0.360323] ACPI: PCI Interrupt Link [LNKB] (IRQs 5 9 *10 11)
[    0.364285] ACPI: PCI Interrupt Link [LNKC] (IRQs 5 *9 10 11)
[    0.368169] ACPI: PCI Interrupt Link [LNKD] (IRQs 5 9 10 *11)
[    0.372440] SCSI subsystem initialized
[    0.373683] pci 0000:00:02.0: vgaarb: setting as boot VGA device
[    0.376000] pci 0000:00:02.0: vgaarb: VGA device added: decodes=io+mem,owns=io+mem,locks=none
[    0.376018] pci 0000:00:02.0: vgaarb: bridge control possible
[    0.380007] vgaarb: loaded
[    0.384054] ACPI: bus type USB registered
[    0.388034] usbcore: registered new interface driver usbfs
[    0.392026] usbcore: registered new interface driver hub
[    0.396034] usbcore: registered new device driver usb
[    0.400074] EDAC MC: Ver: 3.0.0
[    0.404406] PCI: Using ACPI for IRQ routing
[    0.408487] NetLabel: Initializing
[    0.412003] NetLabel:  domain hash size = 128
[    0.416002] NetLabel:  protocols = UNLABELED CIPSOv4 CALIPSO
[    0.420026] NetLabel:  unlabeled traffic allowed by default
[    0.424100] clocksource: Switched to clocksource kvm-clock
[    0.464984] VFS: Disk quotas dquot_6.6.0
[    0.4726]FSDqt-chha table entries: 512 (order 0, 4096 bytes)
[    0.774667] AppArmor: AppArmor Filesystem Enabled
[    0.776270] pnp: PnP ACPI init
[    0.778628] pnp: PnP ACPI: found 3 devices

[    0.792491] clocksource: acpi_pm: mask: 0xffffff max_cycles: 0xffffff, max_idle_ns: 2085701024 ns
[   0.795767] NET: Registered protocol faily 2

[    0.861881] TCP established hash table entries: 8192 (order: 4, 65536 bytes)
[    0.865103] TCP bind hash table entries: 8192 (order: 5, 1312 tes)
[    0.954292] TCP: Hash tables configure (estaisd 819 bd 92
[  1400]DPastable entries: 512 (order: 2, 16384 bytes)  1.28] P-Lite hash table entries:12(oer2, 16384 bytes)

[    1.889726] NET: Registered protocol family 1
[    1.893449] pi 0000:00:00.0: Limiting direct PCI/PCI transfers
[    1.929477] pci 0000:00:01.0:Activating ISA DMA hang workarounds
[    1.960875] pci 0000:00:02.0: Video device with shadowed ROM at [mem 0x000c0000-0x000dffff]  2.32] paininramfs...

[    2.608646] Freeing initrd memory: 19512K
[    2.632976] platform rtc_cmos: registered platform RTC device (no PNP device found)
[    2.706537] Scanning for low memory corruption every 60 seconds
[    2.794684] Initialise system trusted keyrings
[    2.823305] Key type blacklist registered
[    2.839059] workingset: timestamp_bits=36 max_order=18 bucket_order=0
[    2.886929] zbud: loaded
[    2.899380] squashfs: version 4.0 (2009/01/31) Phillip Lougher
[    2.961409] fuse init (API version 7.26)
[    2.982449] Key type asymmetric registered
[    2.983756] Asymmetric key parser 'x509' registered
[    2.989243] Block layer SCSI generic (bsg) driver version 0.4 loaded (major 246)
[    2.991710] io scheduler noop registered
[    2.993054] io scheduler deadline registered
[    2.994444] io scheduler cfq registered (default)
[    3.003266] ACPI: AC Adapter [AC] (off-line)
[    3.005404] input: Power Button as /devices/LNXSYSTM:00/LNXPWRBN:00/input/input0
[    3.010044] ACPI: Power Button [PWRF]
[    3.012094] input: Sleep Button as /devices/LNXSYSTM:00/LNXSLPBN:00/input/input1
[    3.015696] ACPI: Sleep Button [SLPF]
[    3.029937] Serial: 8250/16550 driver, 32 ports, IRQ sharing enabled
[    3.031692] ACPI: Battery Slot [BAT0] (battery present)
[    3.070179] 00:02: ttyS0 at I/O 0x3f8 (irq = 4, base_baud = 115200) is a 16550A
[    3.077504] Linux agpgart interface v0.103
[    3.080587] loop: module loaded
[    3.082220] scsi host0: ata_piix
[    3.083244] scsi host1: ata_piix
[    3.085700] ata1: PATA max UDMA/33 cmd 0x1f0 ctl 0x3f6 bmdma 0xd000 irq 14
[    3.123849] ata2: PATA max UDMA/33 cmd 0x170 ctl 0x376 bmdma 0xd008 irq 15
[    3.179404] libphy: Fixed MDIO Bus: probed
[    3.191840] tun: Universal TUN/TAP device driver, 1.6
[    3.218939] PPP generic driver version 2.4.2
[    3.252277] ehci_hcd: USB 2.0 'Enhanced' Host Controller (EHCI) Driver
[    3.273230] ehci-pci: EHCI PCI platform driver
[    3.274630] ehci-platform: EHCI generic platform driver
[    3.281559] ohci_hcd: USB 1.1 'Open' Host Controller (OHCI) Driver
[    3.297867] ohci-pci: OHCI PCI platform driver
[    3.312750] ohci-platform: OHCI generic platform driver
[    3.369526] uhci_hcd: USB Universal Host Controller Interface driver
[    3.997]80: P:S/2 Controller [PNP0303:2K,PNP0f03:PS2M] at 0x60,0x64 irq 1,12
[  3215]scReined TSclksurce calibration: 2303.961 MHz
[    4.096502] clocksource: tsc: mask: 0xffffffffffffffff max_cycles: 0x2135d2e5917, max_idle_ns: 440795215606 ns
[    4.099804] serio: i8042 KBD port at 0x60,0x64 irq 1
[    4.101532] serio: i8042 AUX port at 0x60,0x64 irq 12
[    4.103486] mousedev: PS/2 mouse device common for all mice
[    4.107382] input: AT Translated Set 2 keyboard as /devices/platform/i8042/serio0/input/input2
[    4.111670] rtc_cmos rtc_cmos: rtc core: registered rtc_cmos as rtc0
[    4.115719] rtc_cmos rtc_cmos: alarms up to one day, 114 bytes nvram
[    4.118967] i2c /dev entries driver
[    4.120754] pcie_mp2_amd: AMD(R) PCI-E MP2 Communication Driver Version: 1.0
[    4.124263] device-mapper: uevent: version 1.0.3
[    4.128001] device-mapper: ioctl: 4.37.0-ioctl (2017-09-20) initialised: dm-devel@redhat.com
[    4.132204] ledtrig-cpu: registered to indicate activity on CPUs
[    4.143560] NET: Registered protocol family 10
[    4.152823] Segment Routing with IPv6
[    4.154566] NET: Registered protocol family 17
[    4.159677] Key type dns_resolver registered
[    4.163164] RAS: Correctable Errors collector initialized.
[    4.168374] sched_clock: Marking stable (4168284925, 0)->(13175089379, -9006804454)
[    4.173918] registered taskstats version 1
[    4.175184] Loading compiled-in X.509 certificates
[    4.178967] Loaded X.509 cert 'Build time autogenerated kernel key: b873a790e41754b50f7dbae45b6bd46229c3c73f'
[    4.184958] zswap: loaded using pool lzo/zbud
[    4.195152] Key type big_key registered
[    4.231557] Key type trusted registered
[    4.265903] Key type encrypted registered
[    4.328615] AppArmor: AppArmor sha1 policy hashing enabled
[    4.347876] ima: No TPM chip found, activating TPM-bypass! (rc=-19)
[    4.353859] ima: Allocated hash algorithm: sha1
[    4.355309] evm: HMAC attrs: 0x1
[    4.356649]   Magic number: 11:330:439
[    4.365059] rtc_cmos rtc_cmos: setting system clock to 2019-03-17 16:26:42 UTC (1552840002)
[    4.367593] BIOS EDD facility v0.16 2004-Jun-25, 0 devices found
[    4.369338] EDD information not available.
[    4.374505] Freeing unused kernel memory: 2408K
[    4.396247] Write protecting the kernel read-only data: 20480k
[    4.401818] Freeing unused kernel memory: 2008K
[    4.414213] Freeing unused kernel memory: 1892K
[    4.424285] x86/mm: Checked W+X mappings: passed, no W+X pages found.
[    4.426501] x86/mm: Checking user space page tables
[    4.433173] x86/mm: Checked W+X mappings: passed, no W+X pages found.
Loading, please wait...
starting version 237
[    4.511799] e1000: Intel(R) PRO/1000 Network Driver - version 7.3.21-k8-NAPI
[    4.513651] e1000: Copyright (c) 1999-2006 Intel Corporation.
[    4.525515] Fusion MPT base driver 3.04.20
[    4.528139] Copyright (c) 1999-2008 LSI Corporation
[    4.542569] AVX2 version of gcm_enc/dec engaged.
[    4.549658] AES CTR mode by8 optimization enabled
[    4.571182] Fusion MPT SPI Host driver 3.04.20
[    4.750115] input: ImExPS/2 Generic Explorer Mouse as /devices/platform/i8042/serio1/input/input4
[    4.990566] e1000 0000:00:03.0 eth0: (PCI:33MHz:32-bit) 02:b6:0a:08:3f:fb
[    5.137579] e1000 0000:00:03.0 eth0: Intel(R) PRO/1000 Network Connection
[    6.015162] e1000 0000:00:08.0 eth1: (PCI:33MHz:32-bit) 08:00:27:28:30:4d
[    6.989804] e1000 0000:00:08.0 eth1: Intel(R) PRO/1000 Network Connection
[    7.031058] e1000 0000:00:08.0 enp0s8: renamed from eth1
[    7.061858] mptbase: ioc0: Initiating bringup
[    7.097756] e1000 0000:00:03.0 enp0s3: renamed from eth0
[    7.860259] ioc0: LSI53C1030 A0: Capabilities={Initiator}
[    9.033980] scsi host2: ioc0: LSI53C1030 A0, FwRev=00000000h, Ports=1, MaxQ=256, IRQ=20
[   10.018158] scsi 2:0:0:0: Direct-Access     VBOX     HARDDISK         1.0  PQ: 0 ANSI: 5
[   10.064472] scsi target2:0:0: Beginning Domain Validation
[   10.098919] scsi target2:0:0: Domain Validation skipping write tests
[   10.100463] scsi target2:0:0: Ending Domain Validation
[   10.102125] scsi target2:0:0: asynchronous
[   10.118044] scsi 2:0:1:0: Direct-Access     VBOX     HARDDISK         1.0  PQ: 0 ANSI: 5
[   10.200100] scsi target2:0:1: Beginning Domain Validation
[   10.220844] random: fast init done
[   10.223666] scsi target2:0:1: Domain Validation skipping write tests
[   10.225614] scsi target2:0:1: Ending Domain Validation
[   10.227431] scsi target2:0:1: asynchronous
[   10.236020] random: systemd-udevd: uninitialized urandom read (16 bytes read)
[   10.236132] sd 2:0:0:0: Attached scsi generic sg0 type 0
[   10.236352] sd 2:0:1:0: Attached scsi generic sg1 type 0
[   10.265264] random: systemd-udevd: uninitialized urandom read (16 bytes read)
[   10.278650] random: systemd-udevd: uninitialized urandom read (16 bytes read)
[   10.327823] sd 2:0:0:0: [sda] 20971520 512-byte logical blocks: (10.7 GB/10.0 GiB)
[   10.328573] sd 2:0:1:0: [sdb] 20480 512-byte logical blocks: (10.5 MB/10.0 MiB)
[   10.329408] sd 2:0:1:0: [sdb] Write Protect is off
[   10.329779] sd 2:0:1:0: [sdb] Incomplete mode parameter data
[   10.329781] sd 2:0:1:0: [sdb] Assuming drive cache: write through
[   10.400657] sd 2:0:0:0: [sda] Write Protect is off
[   10.402780] sd 2:0:1:0: [sdb] Attached SCSI disk
[   10.429481] sd 2:0:0:0: [sda] Incomplete mode parameter data
[   10.508404] sd 2:0:0:0: [sda] Assuming drive cache: write through
[   10.538994]  sda: sda1
[   10.556052] sd 2:0:0:0: [sda] Attached SCSI disk
Begin: Loading essential drivers ... [   12.164133] raid6: sse2x1   gen() 10578 MB/s
[   12.228222] raid6: sse2x1   xor()  6568 MB/s
[   12.276154] raid6: sse2x2   gen() 13303 MB/s
[   12.324169] raid6: sse2x2   xor()  9048 MB/s
[   12.372328] raid6: sse2x4   gen() 16520 MB/s
[   12.424014] raid6: sse2x4   xor() 10735 MB/s
[   12.476311] raid6: avx2x1   gen() 23998 MB/s
[   12.536055] raid6: avx2x1   xor() 16193 MB/s
[   12.588336] raid6: avx2x2   gen() 23360 MB/s
[   12.644149] raid6: avx2x2   xor() 14710 MB/s
[   12.696150] raid6: avx2x4   gen() 26394 MB/s
[   12.768551] raid6: avx2x4   xor() 19364 MB/s
[   12.769902] raid6: using algorithm avx2x4 gen() 26394 MB/s
[   12.778681] raid6: .... xor() 19364 MB/s, rmw enabled
[   12.786089] raid6: using avx2x2 recovery algorithm
[   12.817047] xor: automatically using best checksumming function   avx       
[   12.843975] async_tx: api initialized (async)
done.
Begin: Running /scripts/init-premount ... done.
Begin: Mounting root file system ... Begin: Ru[   12.887089] Btrfs loaded, crc32c=crc32c-intel
nning /scripts/local-top ... done.
Begin: Running /scripts/local-premount ... Scanning for Btrfs filesystems
done.
Warning: fsck not present, so sk[   12.947420] EXT4-fs (sda1): INFO: recovery required on readonly filesystem
ipping root file[   13.010876] EXT4-fs (sda1): write access will be enabled during recovery
 system
[   14.581013] random: crng init done
[   14.582307] random: 7 urandom warning(s) missed due to ratelimiting
[   15.249820] EXT4-fs (sda1): recovery complete
[   15.253876] EXT4-fs (sda1): mounted filesystem with ordered data mode. Opts: (null)
done.
Begin: Running /scripts/local-bottom ... done.
Begin: Running /scripts/init-bottom ... done.
[   15.509641] ip_tables: (C) 2000-2006 Netfilter Core Team
[   15.531051] systemd[1]: systemd 237 running in system mode. (+PAM +AUDIT +SELINUX +IMA +APPARMOR +SMACK +SYSVINIT +UTMP +LIBCRYPTSETUP +GCRYPT +GNUTLS +ACL +XZ +LZ4 +SECCOMP +BLKID +ELFUTILS +KMOD -IDN2 +IDN -PCRE2 default-hierarchy=hybrid)
[   15.886196] systemd[1]: Detected virtualization oracle.
[   15.891629] systemd[1]: Detected architecture x86-64.

Welcome to [1mUbuntu 18.04.1 LTS[0m!

[   16.143879] systemd[1]: Set hostname to <ubuntu-bionic>.
[   16.875977] systemd[1]: Reached target User and Group Name Lookups.
[[0;32m  OK  [0m] Reached target User and Group Name Lookups.
[   16.986304] systemd[1]: Created slice User and Session Slice.
[[0;32m  OK  [0m] Created slice User and Session Slice.
[   17.010789] systemd[1]: Started Forward Password Requests to Wall Directory Watch.
[[0;32m  OK  [0m] Started Forward Password Requests to Wall Directory Watch.
[   17.109594] systemd[1]: Reached target Swap.
[[0;32m  OK  [0m] Reached target Swap.
[   17.115853] systemd[1]: Reached target System Time Synchronized.
[[0;32m  OK  [0m] Reached target System Time Synchronized.
[   17.120835] systemd[1]: Created slice System Slice.
[[0;32m  OK  [0m] Created slice System Slice.
[[0;32m  OK  [0m] Listening on /dev/initctl Compatibility Named Pipe.
[[0;32m  OK  [0m] Listening on LVM2 poll daemon socket.
[[0;32m  OK  [0m] Listening on udev Control Socket.
[[0;32m  OK  [0m] Listening on Network Service Netlink Socket.
[[0;32m  OK  [0m] Created slice system-serial\x2dgetty.slice.
[[0;32m  OK  [0m] Listening on Journal Socket.
         Starting Create list of required st…ce nodes for the current kernel...
         Mounting Huge Pages File System...
         Starting Uncomplicated firewall...
[[0;32m  OK  [0m] Listening on Device-mapper event daemon FIFOs.
[[0;32m  OK  [0m] Listening on Journal Socket (/dev/log).
[[0;32m  OK  [0m] Listening on udev Kernel Socket.
         Starting udev Coldplug all Devices...
[[0;32m  OK  [0m] Listening on LVM2 metadata daemon socket.
         Mounting Kernel Debug File System...
         Starting Load Kernel Modules...
[   18.401126] Loading iSCSI transport class v2.0-870.
         Startin[   18.489217] iscsi: registered transport (tcp)
g Remount Root and Kernel File Systems...
         [   18.516589] EXT4-fs (sda1): re-mounted. Opts: (null)
Mounting POSIX Message Queue File System...
[[0;32m  OK  [0m] Listening on Syslog Socket.
         Starting Set the console keyboard layout...
         Starting Monitoring of LVM2 mirrors…ng dmeventd or progress polling...
[[0;32m  OK  [0m] Reached target Slices.
[[0;32m  OK  [0m] Listening on Journal Audit Socket.
         Starting Journal Service...
[[0;32m  OK  [0m] Set up automount Arbitrary Executab…rmats File System Automount Point.
[   18.642329] iscsi: registered transport (iser)
[[0;32m  OK  [0m] Started Create list of required sta…vice nodes for the current kernel.
[[0;32m  OK  [0m] Started Journal Service.
[[0;32m  OK  [0m] Mounted Huge Pages File System.
[[0;32m  OK  [0m] Started Uncomplicated firewall.
[[0;32m  OK  [0m] Mounted Kernel Debug File System.
[[0;32m  OK  [0m] Started Load Kernel Modules.
[[0;32m  OK  [0m] Started Remount Root and Kernel File Systems.
[[0;32m  OK  [0m] Mounted POSIX Message Queue File System.
         Starting Load/Save Random Seed...
         Starting Initial cloud-init job (pre-networking)...
         Starting Apply Kernel Variables...
         Mounting FUSE Control File System...
         Mounting Kernel Configuration File System...
         Starting Flush Journal to Persistent Storage...
         Starting Create Static Device Nodes in /dev...
[[0;32m  OK  [0m] Started udev Coldplug all Devices.
[[0;32m  OK  [0m] Started Load/Save Random Seed.
[[0;32m  OK  [0m] Mounted FUSE Control File System.
[[0;32m  OK  [0m] Mounted Kernel Configuration File System.
[[0;32m  OK  [0m] Started LVM2 metadata daemon.
[[0;32m  OK  [0m] Started Create Static Device Nodes in /dev.
         Starting udev Kernel Device Manager...
[[0;32m  OK  [0m] Started Apply Kernel Variables.
[[0;32m  OK  [0m] Started Monitoring of LVM2 mirrors,…sing dmeventd or progress polling.
[[0;32m  OK  [0m] Started udev Kernel Device Manager.
[[0;32m  OK  [0m] Started Flush Journal to Persistent Storage.
[[0;32m  OK  [0m] Found device /dev/ttyS0.
[[0;32m  OK  [0m] Listening on Load/Save RF Kill Switch Status /dev/rfkill Watch.
[[0;32m  OK  [0m] Started Set the console keyboard layout.
[[0;32m  OK  [0m] Started Dispatch Password Requests to Console Directory Watch.
[[0;32m  OK  [0m] Reached target Local Encrypted Volumes.
[[0;32m  OK  [0m] Reached target Local File Systems (Pre).
[[0;32m  OK  [0m] Reached target Local File Systems.
         Starting Set console font and keymap...
         Starting ebtables ruleset management...
         Starting AppArmor initialization...
         Starting Create Volatile Files and Directories...
         Starting Tell Plymouth To Write Out Runtime Data...
[[0;32m  OK  [0m] Started Set console font and keymap.
[[0;32m  OK  [0m] Started Create Volatile Files and Directories.
         Starting Update UTMP about System Boot/Shutdown...
[[0;32m  OK  [0m] Started Tell Plymouth To Write Out Runtime Data.
[[0;32m  OK  [0m] Started Update UTMP about System Boot/Shutdown.
[[0;32m  OK  [0m] Started ebtables ruleset management.
[[0;32m  OK  [0m] Started AppArmor initialization.
[   21.864227] cloud-init[422]: Cloud-init v. 18.4-0ubuntu1~18.04.1 running 'init-local' at Sun, 17 Mar 2019 16:26:59 +0000. Up 21.49 seconds.
[[0;32m  OK  [0m] Started Initial cloud-init job (pre-networking).
[[0;32m  OK  [0m] Reached target Network (Pre).
         Starting Network Service...
[[0;32m  OK  [0m] Started Network Service.
         Starting Wait for Network to be Configured...
         Starting Network Name Resolution...
[[0;32m  OK  [0m] Started Network Name Resolution.
[[0;32m  OK  [0m] Reached target Host and Network Name Lookups.
[[0;32m  OK  [0m] Reached target Network.
[[0;32m  OK  [0m] Started Wait for Network to be Configured.
         Starting Initial cloud-init job (metadata service crawler)...
[   24.196739] cloud-init[821]: Cloud-init v. 18.4-0ubuntu1~18.04.1 running 'init' at Sun, 17 Mar 2019 16:27:02 +0000. Up 24.03 seconds.
[   24.280885] cloud-init[821]: ci-info: ++++++++++++++++++++++++++++++++++++++Net device info+++++++++++++++++++++++++++++++++++++++
[   24.310507] cloud-init[821]: ci-info: +--------+------+-----------------------------+---------------+--------+-------------------+
[[0;32m  OK  [0m] Started Initial cloud-init job (metadata service crawler).
[[0;32m  OK  [0m] Reached target Network is Online.
[   24.410938] cloud-init[821]: ci-info: | Device |  Up  |           Address           |      Mask     | Scope  |     Hw-Address    |
[[0;32m  OK  [0m] Reached target Remote File Systems (Pre).
[[0;32m  OK  [0m] Reached target Remote File Systems.
[   24.448065] cloud-init[821]: ci-info: +--------+------+-----------------------------+---------------+--------+-------------------+
         Starting Availability of block devices...
[[0;32m  OK  [0m] Reached target Cloud-config availability.
[   24.520630] cloud-init[821]: ci-info: | enp0s3 | True |          10.0.2.15          | 255.255.255.0 | global | 02:b6:0a:08:3f:fb |
[[0;32m  OK  [0m] Reached target System Initialization.
[   24.577341] cloud-init[821]: ci-info: | enp0s3 | True |  fe80::b6:aff:fe08:3ffb/64  |       .       |  link  | 02:b6:0a:08:3f:fb |
[[0;32m  OK  [0m] Started ACPI Events Check.
[[0;32m  OK  [0m] Reached target Paths.
[   24.635704] cloud-init[821]: ci-info: | enp0s8 | True |        192.168.33.10        | 255.255.255.0 | global | 08:00:27:28:30:4d |
[   24.709146] cloud-init[821]: ci-info: | enp0s8 | True | fe80::a00:27ff:fe28:304d/64 |       .       |  link  | 08:00:27:28:30:4d |
[[0;32m  OK  [0m] Started Discard unused blocks once a week.
         Starting LXD - unix socket.
[   24.755143] cloud-init[821]: ci-info: |   lo   | True |          127.0.0.1          |   255.0.0.0   |  host  |         .         |[[0;32m  OK  [0m] Listening on ACPID Listen Socket.
[[0;32m  OK  [0m] Started Daily apt download activities.
[[0;32m  OK  [0m] Listening on Open-iSCSI iscsid Socket.
         Starting Socket activation for snappy daemon.
[[0;32m  OK  [0m] Started Daily apt upgrade and clean activities.
[[0;32m  OK  [0m] Listening on UUID daemon activation socket.
[[0;32m  OK  [0m] Started Message of the Day.
[[0;32m  OK  [0m] Started Daily Cleanup of Temporary Directories.
[[0;32m  OK  [0m] Reached target Timers.
[[0;32m  OK  [0m] Listening on D-Bus System Message Bus Socket.
[[0;32m  OK  [0m] Started Availability of block devices.
[[0;32m  OK  [0m] Listening on LXD - unix socket.

[[0;32m  OK  [0m] Listening on Socket activation for snappy daemon.
[[0;32m  OK  [0m] Reached target Sockets.
[[0;32m  OK  [0m] Reached target Basic System.
[   24.895192] cloud-init[821]: ci-info: |   lo   | True |           ::1/128           |       .       |  host  |         .         |
         Starting LXD - container startup/shutdown...
[   25.026404] cloud-init[821]: ci-info: +--------+------+-----------------------------+---------------+--------+-------------------+
[   25.053811] cloud-init[821]: ci-info: +++++++++++++++++++++++++++++Route IPv4 info+++++++++++++++++++++++++++++
[   25.068341] cloud-init[821]: ci-info: +-------+--------------+----------+-----------------+-----------+-------+
[[0;32m  OK  [0m] Started Regular background program processing daemon.
[   25.088019] cloud-init[821]: ci-info: | Route | Destination  | Gateway  |     Genmask     | Interface | Flags |         Starting Login Service...

[   25.112085] cloud-init[821]: ci-info: +-------+--------------+----------+-----------------+-----------+-------+
[   25.117048] cloud-init[821]: ci-info: |   0   |   0.0.0.0    | 10.0.2.2 |     0.0.0.0     |   enp0s3  |   UG  |
[   25.121115] cloud-init[821]: ci-info: |   1   |   10.0.2.0   | 0.0.0.0  |  255.255.255.0  |   enp0s3  |   U   |
[   25.124671] cloud-init[821]: ci-info: |   2   |   10.0.2.2   | 0.0.0.0  | 255.255.255.255 |   enp0s3  |   UH  |
         Starting OpenBSD Secure Shell server...
[   25.158651] cloud-init         Starting Accounts Service...
[[0;32m  OK  [0m] Started Deferred execution scheduler.
[821]: ci-info: |   3   | 192.168.33.0 | 0.0.0.0  |  255.255.255.0  |   enp0s8  |   U   |
         Starting LSB: automatic crash report generation...
[   25.221428] cloud-init[821]: ci-info: +-------+--------------+----------+-----------------+-----------+-------+
[   25.235526] cloud-init[821]: ci-info: +++++++++++++++++++Route IPv6 info+++++++++++++++++++
[   25.253332] cloud-init[821]: ci-info: +-------+-------------+---------+-----------+-------+
[   25.268325] cloud-init[821]: ci-info: | Route | Destination | Gateway | Interface | Flags |
[[0;32m  OK  [0m] Started irqbalance daemon.
[   25.318513] cloud-init         Starting System Logging Service...
[821]: ci-info: +-------+-------------+---------+-----------+-------+
[   25.324383] cloud-init[821]: ci-info: |   1   |  fe80::/64  |    ::   |   enp0s8  |   U   |
[   25.327148] cloud-init[821]: ci-info: |   2   |  fe80::/64  |    ::   |   enp0s3  |   U   |
[   25.329115] cloud-init[821]: ci-info: |   4   |    local    |    ::   |   enp0s3  |   U   |
[   25.330958] cloud-init[821]: ci-info: |   5   |    local    |    ::   |   enp0s8  |   U   |
[   25.333059] cloud-init[821]: ci-info: |   6   |   ff00::/8  |    ::   |   enp0s8  |   U   |
[   25.335831]          Starting Dispatcher daemon for systemd-networkd...
[[0;32m  OK  [0m] Started FUSE filesystem for LXC.
         Starting Permit User Sessions...
[[0;32m  OK  [0m] Started D-Bus System Message Bus.
cloud-init[821]: ci-info: |   7   |   ff00::/8  |    ::   |   enp0s3  |   U   |
[   25.382398] cloud-init[821]: ci-info: +-------+-------------+---------+-----------+-------+
[[0;32m  OK  [0m] Started Login Service.
[[0;32m  OK  [0m] Started Unattended Upgrades Shutdown.
         Starting vboxadd.service...
         Starting LSB: Record successful boot for GRUB...
         Starting Snappy daemon...
[[0;32m  OK  [0m] Started System Logging Service.
[[0;32m  OK  [0m] Started LXD - container startup/shutdown.
[[0;32m  OK  [0m] Started Permit User Sessions.
[[0;32m  OK  [0m] Started OpenBSD Secure Shell server.
         Starting Authorization Manager...
         Starting Terminate Plymouth Boot Screen...
         Starting Hold until boot process finishes up...
[[0;32m  OK  [0m] Started Terminate Plymouth Boot Screen.
[[0;32m  OK  [0m] Started Hold until boot process finishes up.
[[0;32m  OK  [0m] Started Serial Getty on ttyS0.
         Starting Set console scheme...
[[0;32m  OK  [0m] Started Authorization Manager.
[[0;32m  OK  [0m] Started Accounts Service.
[[0;32m  OK  [0m] Started Set console scheme.
[[0;32m  OK  [0m] Created slice system-getty.slice.
[[0;32m  OK  [0m] Started Getty on tty1.
[[0;32m  OK  [0m] Reached target Login Prompts.
[[0;32m  OK  [0m] Started LSB: Record successful boot for GRUB.
[[0;32m  OK  [0m] Started LSB: automatic crash report generation.
[[0;32m  OK  [0m] Started Dispatcher daemon for systemd-networkd.
[[0;32m  OK  [0m] Started Snappy daemon.
         Starting Wait until snapd is fully seeded...
[[0;32m  OK  [0m] Started Wait until snapd is fully seeded.
         Starting Apply the settings specified in cloud-config...
[[0;32m  OK  [0m] Started vboxadd.service.
         Starting vboxadd-service.service...
[[0;32m  OK  [0m] Started vboxadd-service.service.
[[0;32m  OK  [0m] Reached target Multi-User System.
[[0;32m  OK  [0m] Reached target Graphical Interface.
         Starting Update UTMP about System Runlevel Changes...
[[0;32m  OK  [0m] Started Update UTMP about System Runlevel Changes.
[   26.566848] cloud-init[1293]: Cloud-init v. 18.4-0ubuntu1~18.04.1 running 'modules:config' at Sun, 17 Mar 2019 16:27:04 +0000. Up 26.48 seconds.
[[0;32m  OK  [0m] Started Apply the settings specified in cloud-config.
         Starting Execute cloud user/final scripts...
[   27.092429] cloud-init[1401]: Cloud-init v. 18.4-0ubuntu1~18.04.1 running 'modules:final' at Sun, 17 Mar 2019 16:27:05 +0000. Up 27.00 seconds.
[[   27.140434] cloud-init[1401]: Cloud-init v. 18.4-0ubuntu1~18.04.1 finished at Sun, 17 Mar 2019 16:27:05 +0000. Datasource DataSourceNoCloud [seed=/dev/sdb][dsmode=net].  Up 27.08 seconds
[0;32m  OK  [0m] Started Execute cloud user/final scripts.
[[0;32m  OK  [0m] Reached target Cloud-init target.

Ubuntu 18.04.1 LTS ubuntu-bionic ttyS0

ubuntu-bionic login:          Stopping Availability of block devices...
         Stopping Session 5 of user vagrant.
[[0;32m  OK  [0m] Stopped target Cloud-init target.
[[0;32         Stopping irqbalance daemon...
         Stopping OpenBSD Secure Shell server...
[[0;32m  OK  [0m] Stopped Discard unused blocks once a week.
[[0;32m  OK  [0m] Stopped target System Time Synchronized.
         Stopping User Manager for UID 1000...
         Stopping Dispatcher daemon for systemd-networkd...
[[0;32m  OK  [0m] Unmounted /var/lib/lxcfs.
[[0;32m  OK  [0m] Stopped Regular background program processing daemon.
[[0;32m  OK  [0m] Stopped Accounts Service.
[[0;32m  OK  [0m] Stopped Deferred execution scheduler.
[[0;32m  OK  [0m] Stopped irqbalance daemon.
[[0;32m  OK  [0m] Stopped System Logging Service.
[[0;32m  OK  [0m] Stopped Dispatcher daemon for systemd-networkd.
[[0;32m  OK  [0m] Stopped Unattended Upgrades Shutdown.
[[0;32m  OK  [0m] Stopped OpenBSD Secure Shell server.
[[0;32m  OK  [0m] Stopped Authorization Manager.
[[0;32m  OK  [0m] Stopped Serial Getty on ttyS0.
[[0;32m  OK  [0m] Stopped Getty on tty1.
[[0;32m  OK  [0m] Stopped User Manager for UID 1000.
[[0;32m  OK  [0m] Stopped Availability of block devices.
[[0;32m  OK  [0m] Stopped D-Bus System Message Bus.
[[0;32m  OK  [0m] Stopped FUSE filesystem for LXC.
[[0;32m  OK  [0m] Stopped Session 5 of user vagrant.
[[0;32m  OK  [0m] Stopped LXD - container startup/shutdown.
[[0;32m  OK  [0m] Removed slice User Slice of vagrant.
[[0;32m  OK  [0m] Removed slice system-getty.slice.
[[0;32m  OK  [0m] Removed slice system-serial\x2dgetty.slice.
         Stopping Permit User Sessions...
         Stopping Login Service...
[[0;32m  OK  [0m] Stopped LSB: automatic crash report generation.
[[0;32m  OK  [0m] Stopped LSB: Record successful boot for GRUB.
[[0;32m  OK  [0m] Stopped Permit User Sessions.
[[0;32m  OK  [0m] Stopped target Network.
         Stopping Network Name Resolution...
[[0;32m  OK  [0m] Stopped target Remote File Systems.
[[0;32m  OK  [0m] Stopped target Remote File Systems (Pre).
[[0;32m  OK  [0m] Stopped Network Name Resolution.
[[0;32m  OK  [0m] Stopped Login Service.
[[0;32m  OK  [0m] Stopped vboxadd-service.service.
         Stopping vboxadd.service...
[[0;32m  OK  [0m] Stopped target User and Group Name Lookups.
         Stopping Network Service...
[[0;32m  OK  [0m] Stopped Network Service.
[[0;32m  OK  [0m] Stopped target Network (Pre).
[[0;32m  OK  [0m] Unmounted /vagrant.
[[0;32m  OK  [0m] Stopped vboxadd.service.
[[0;32m  OK  [0m] Stopped target Basic System.
[[0;32m  OK  [0m] Stopped target Sockets.
[[0;32m  OK  [0m] Closed Syslog Socket.
[[0;32m  OK  [0m] Closed Open-iSCSI iscsid Socket.
[[0;32m  OK  [0m] Closed UUID daemon activation socket.
[[0;32m  OK  [0m] Closed Socket activation for snappy daemon.
[[0;32m  OK  [0m] Closed D-Bus System Message Bus Socket.
[[0;32m  OK  [0m] Closed ACPID Listen Socket.
[[0;32m  OK  [0m] Closed LXD - unix socket.
[[0;32m  OK  [0m] Stopped target Paths.
[[0;32m  OK  [0m] Stopped ACPI Events Check.
[[0;32m  OK  [0m] Stopped target Slices.
[[0;32m  OK  [0m] Removed slice User and Session Slice.
[[0;32m  OK  [0m] Stopped target System Initialization.
         Stopping Load/Save Random Seed...
[[0;32m  OK  [0m] Stopped target Local Encrypted Volumes.
[[0;32m  OK  [0m] Stopped Forward Password Requests to Wall Directory Watch.
[[0;32m  OK  [0m] Stopped Dispatch Password Requests to Console Directory Watch.
[[0;32m  OK  [0m] Stopped Initial cloud-init job (metadata service crawler).
[[0;32m  OK  [0m] Stopped Apply Kernel Variables.
[[0;32m  OK  [0m] Stopped Load Kernel Modules.
[[0;32m  OK  [0m] Stopped Initial cloud-init job (pre-networking).
         Stopping Update UTMP about System Boot/Shutdown...
[[0;32m  OK  [0m] Stopped Load/Save Random Seed.
[[0;32m  OK  [0m] Stopped Update UTMP about System Boot/Shutdown.
[[0;32m  OK  [0m] Stopped Create Volatile Files and Directories.
[[0;32m  OK  [0m] Stopped target Local File Systems.
         Unmounting /run/user/1000...
[[0;32m  OK  [0m] Unmounted /run/user/1000.
[[0;32m  OK  [0m] Reached target Unmount All Filesystems.
[[0;32m  OK  [0m] Stopped target Swap.
[[0;32m  OK  [0m] Stopped target Local File Systems (Pre).
[[0;32m  OK  [0m] Stopped Create Static Device Nodes in /dev.
         Stopping Monitoring of LVM2 mirrors…ng dmeventd or progress polling...
[[0;32m  OK  [0m] Stopped Remount Root and Kernel File Systems.
[[0;32m  OK  [0m] Reached target Shutdown.
[[0;32m  OK  [0m] Reached target Final Step.
         Starting Power-Off...
[[0;32m  OK  [0m] Stopped Monitoring of LVM2 mirrors,…sing dmeventd or progress polling.
         Stopping LVM2 metadata daemon...
[[0;32m  OK  [0m] Stopped LVM2 metadata daemon.
[  766.231325] reboot: Power down
